{
  "RSpec": {
    "coverage": {
      "/Users/vtno/GitRepos/af_competition_app/app/helpers/application_helper.rb": [
        1,
        null
      ],
      "/Users/vtno/GitRepos/af_competition_app/app/helpers/scores_helper.rb": [
        1,
        null
      ],
      "/Users/vtno/GitRepos/af_competition_app/app/controllers/scores_controller.rb": [
        null,
        1,
        1,
        0,
        0,
        0,
        0,
        null,
        0,
        null,
        null,
        null,
        1,
        0,
        null,
        null,
        null,
        null,
        null,
        null
      ],
      "/Users/vtno/GitRepos/af_competition_app/app/controllers/application_controller.rb": [
        1,
        1,
        null
      ],
      "/Users/vtno/GitRepos/af_competition_app/app/channels/application_cable/channel.rb": [
        0,
        0,
        0,
        0
      ],
      "/Users/vtno/GitRepos/af_competition_app/app/channels/application_cable/connection.rb": [
        0,
        0,
        0,
        0
      ],
      "/Users/vtno/GitRepos/af_competition_app/app/jobs/application_job.rb": [
        0,
        0
      ],
      "/Users/vtno/GitRepos/af_competition_app/app/mailers/application_mailer.rb": [
        0,
        0,
        0,
        0
      ],
      "/Users/vtno/GitRepos/af_competition_app/app/models/application_record.rb": [
        0,
        0,
        0
      ],
      "/Users/vtno/GitRepos/af_competition_app/app/models/game.rb": [
        0,
        0,
        0,
        0
      ],
      "/Users/vtno/GitRepos/af_competition_app/app/models/player.rb": [
        0,
        0,
        0,
        0
      ],
      "/Users/vtno/GitRepos/af_competition_app/app/models/playing.rb": [
        0,
        0,
        0,
        0
      ]
    },
    "timestamp": 1484919303
  }
}
